*** Using Compiler 'V5.06 update 7 (build 960)', folder: 'C:\Keil_v5\ARM\ARMCC\Bin'
Build target '2024RC_A_R1'
compiling stm32f4xx_it.c...
compiling chassis.c...
compiling usart.c...
compiling can.c...
compiling action.c...
compiling stm32f4xx_hal_msp.c...
compiling gpio.c...
compiling air_joy.c...
compiling tim.c...
compiling freertos.c...
compiling config.c...
compiling main.c...
compiling rm_motor.c...
compiling upper.c...
compiling usr_can.c...
compiling FSM.c...
compiling move.c...
linking...
Program Size: Code=36296 RO-data=1152 RW-data=264 ZI-data=25368  
FromELF: creating hex file...
"2024RC_A_R1\2024RC_A_R1.axf" - 0 Error(s), 0 Warning(s).
Build Time Elapsed:  00:00:17
